This is XeTeX, Version 3.14159265-2.6-0.999991 (TeX Live 2019/Debian) (preloaded format=xelatex 2024.3.22)  2 APR 2024 23:46
entering extended mode
 restricted \write18 enabled.
 %&-line parsing enabled.
**main.tex
(./main.tex
LaTeX2e <2020-02-02> patch level 2
L3 programming layer <2020-02-14>
(/usr/share/texlive/texmf-dist/tex/latex/base/article.cls
Document Class: article 2019/12/20 v1.4l Standard LaTeX document class
(/usr/share/texlive/texmf-dist/tex/latex/base/size10.clo
File: size10.clo 2019/12/20 v1.4l Standard LaTeX file (size option)
)
\c@part=\count163
\c@section=\count164
\c@subsection=\count165
\c@subsubsection=\count166
\c@paragraph=\count167
\c@subparagraph=\count168
\c@figure=\count169
\c@table=\count170
\abovecaptionskip=\skip47
\belowcaptionskip=\skip48
\bibindent=\dimen134
)
(/usr/share/texlive/texmf-dist/tex/latex/fontspec/fontspec.sty
(/usr/share/texlive/texmf-dist/tex/latex/l3packages/xparse/xparse.sty
(/usr/share/texlive/texmf-dist/tex/latex/l3kernel/expl3.sty
Package: expl3 2020-02-14 L3 programming layer (loader) 

(/usr/share/texlive/texmf-dist/tex/latex/l3backend/l3backend-xdvipdfmx.def
File: l3backend-xdvipdfmx.def 2020-02-03 L3 backend support: xdvipdfmx
\g__graphics_track_int=\count171
\l__pdf_internal_box=\box45
\g__pdf_backend_object_int=\count172
\g__pdf_backend_annotation_int=\count173
))
Package: xparse 2020-02-14 L3 Experimental document command parser
\l__xparse_current_arg_int=\count174
\g__xparse_grabber_int=\count175
\l__xparse_m_args_int=\count176
\l__xparse_v_nesting_int=\count177
)
Package: fontspec 2020/02/03 v2.7h Font selection for XeLaTeX and LuaLaTeX

(/usr/share/texlive/texmf-dist/tex/latex/fontspec/fontspec-xetex.sty
Package: fontspec-xetex 2020/02/03 v2.7h Font selection for XeLaTeX and LuaLaTe
X
\l__fontspec_script_int=\count178
\l__fontspec_language_int=\count179
\l__fontspec_strnum_int=\count180
\l__fontspec_tmp_int=\count181
\l__fontspec_tmpa_int=\count182
\l__fontspec_tmpb_int=\count183
\l__fontspec_tmpc_int=\count184
\l__fontspec_em_int=\count185
\l__fontspec_emdef_int=\count186
\l__fontspec_strong_int=\count187
\l__fontspec_strongdef_int=\count188
\l__fontspec_tmpa_dim=\dimen135
\l__fontspec_tmpb_dim=\dimen136
\l__fontspec_tmpc_dim=\dimen137

(/usr/share/texlive/texmf-dist/tex/latex/base/fontenc.sty
Package: fontenc 2020/02/11 v2.0o Standard LaTeX package
)
(/usr/share/texlive/texmf-dist/tex/latex/fontspec/fontspec.cfg)))
(/usr/share/texlive/texmf-dist/tex/latex/xcolor/xcolor.sty
Package: xcolor 2016/05/11 v2.12 LaTeX color extensions (UK)

(/usr/share/texlive/texmf-dist/tex/latex/graphics-cfg/color.cfg
File: color.cfg 2016/01/02 v1.6 sample color configuration
)
Package xcolor Info: Driver file: xetex.def on input line 225.

(/usr/share/texlive/texmf-dist/tex/latex/graphics-def/xetex.def
File: xetex.def 2017/06/24 v5.0h Graphics/color driver for xetex
)
Package xcolor Info: Model `cmy' substituted by `cmy0' on input line 1348.
Package xcolor Info: Model `RGB' extended on input line 1364.
Package xcolor Info: Model `HTML' substituted by `rgb' on input line 1366.
Package xcolor Info: Model `Hsb' substituted by `hsb' on input line 1367.
Package xcolor Info: Model `tHsb' substituted by `hsb' on input line 1368.
Package xcolor Info: Model `HSB' substituted by `hsb' on input line 1369.
Package xcolor Info: Model `Gray' substituted by `gray' on input line 1370.
Package xcolor Info: Model `wave' substituted by `hsb' on input line 1371.
)
(/usr/share/texlive/texmf-dist/tex/latex/fancyhdr/fancyhdr.sty
Package: fancyhdr 2019/01/31 v3.10 Extensive control of page headers and footer
s
\f@nch@headwidth=\skip49
\f@nch@O@elh=\skip50
\f@nch@O@erh=\skip51
\f@nch@O@olh=\skip52
\f@nch@O@orh=\skip53
\f@nch@O@elf=\skip54
\f@nch@O@erf=\skip55
\f@nch@O@olf=\skip56
\f@nch@O@orf=\skip57
)
(/usr/share/texlive/texmf-dist/tex/latex/geometry/geometry.sty
Package: geometry 2020/01/02 v5.9 Page Geometry

(/usr/share/texlive/texmf-dist/tex/latex/graphics/keyval.sty
Package: keyval 2014/10/28 v1.15 key=value parser (DPC)
\KV@toks@=\toks14
)
(/usr/share/texlive/texmf-dist/tex/generic/iftex/ifvtex.sty
Package: ifvtex 2019/10/25 v1.7 ifvtex legacy package. Use iftex instead.

(/usr/share/texlive/texmf-dist/tex/generic/iftex/iftex.sty
Package: iftex 2019/11/07 v1.0c TeX engine tests
))
\Gm@cnth=\count189
\Gm@cntv=\count190
\c@Gm@tempcnt=\count191
\Gm@bindingoffset=\dimen138
\Gm@wd@mp=\dimen139
\Gm@odd@mp=\dimen140
\Gm@even@mp=\dimen141
\Gm@layoutwidth=\dimen142
\Gm@layoutheight=\dimen143
\Gm@layouthoffset=\dimen144
\Gm@layoutvoffset=\dimen145
\Gm@dimlist=\toks15
)
(/usr/share/texlive/texmf-dist/tex/latex/pdfpages/pdfpages.sty
Package: pdfpages 2020/01/28 v0.5q Insert pages of external PDF documents (AM)

(/usr/share/texlive/texmf-dist/tex/latex/base/ifthen.sty
Package: ifthen 2014/09/29 v1.1c Standard LaTeX ifthen package (DPC)
)
(/usr/share/texlive/texmf-dist/tex/latex/tools/calc.sty
Package: calc 2017/05/25 v4.3 Infix arithmetic (KKT,FJ)
\calc@Acount=\count192
\calc@Bcount=\count193
\calc@Adimen=\dimen146
\calc@Bdimen=\dimen147
\calc@Askip=\skip58
\calc@Bskip=\skip59
LaTeX Info: Redefining \setlength on input line 80.
LaTeX Info: Redefining \addtolength on input line 81.
\calc@Ccount=\count194
\calc@Cskip=\skip60
)
(/usr/share/texlive/texmf-dist/tex/latex/eso-pic/eso-pic.sty
Package: eso-pic 2018/04/12 v2.0h eso-pic (RN)

(/usr/share/texlive/texmf-dist/tex/generic/atbegshi/atbegshi.sty
Package: atbegshi 2019/12/05 v1.19 At begin shipout hook (HO)

(/usr/share/texlive/texmf-dist/tex/generic/infwarerr/infwarerr.sty
Package: infwarerr 2019/12/03 v1.5 Providing info/warning/error messages (HO)
)
(/usr/share/texlive/texmf-dist/tex/generic/ltxcmds/ltxcmds.sty
Package: ltxcmds 2019/12/15 v1.24 LaTeX kernel commands for general use (HO)
)))
(/usr/share/texlive/texmf-dist/tex/latex/graphics/graphicx.sty
Package: graphicx 2019/11/30 v1.2a Enhanced LaTeX Graphics (DPC,SPQR)

(/usr/share/texlive/texmf-dist/tex/latex/graphics/graphics.sty
Package: graphics 2019/11/30 v1.4a Standard LaTeX Graphics (DPC,SPQR)

(/usr/share/texlive/texmf-dist/tex/latex/graphics/trig.sty
Package: trig 2016/01/03 v1.10 sin cos tan (DPC)
)
(/usr/share/texlive/texmf-dist/tex/latex/graphics-cfg/graphics.cfg
File: graphics.cfg 2016/06/04 v1.11 sample graphics configuration
)
Package graphics Info: Driver file: xetex.def on input line 105.
)
\Gin@req@height=\dimen148
\Gin@req@width=\dimen149
)
\AM@pagewidth=\dimen150
\AM@pageheight=\dimen151

(/usr/share/texlive/texmf-dist/tex/latex/pdfpages/ppxetex.def
File: ppxetex.def 2020/01/28 v0.5q Pdfpages driver for XeTeX (AM)
)
\AM@pagebox=\box46
\AM@global@opts=\toks16
\AM@pagecnt=\count195
\AM@toc@title=\toks17
\c@AM@survey=\count196
\AM@templatesizebox=\box47
)
(/usr/share/texlive/texmf-dist/tex/latex/titlesec/titlesec.sty
Package: titlesec 2019/10/16 v2.13 Sectioning titles
\ttl@box=\box48
\beforetitleunit=\skip61
\aftertitleunit=\skip62
\ttl@plus=\dimen152
\ttl@minus=\dimen153
\ttl@toksa=\toks18
\titlewidth=\dimen154
\titlewidthlast=\dimen155
\titlewidthfirst=\dimen156
)
(/usr/share/texlive/texmf-dist/tex/latex/tools/indentfirst.sty
Package: indentfirst 1995/11/23 v1.03 Indent first paragraph (DPC)
)
(/usr/share/texlive/texmf-dist/tex/latex/setspace/setspace.sty
Package: setspace 2011/12/19 v6.7a set line spacing
)
(/usr/share/texlive/texmf-dist/tex/latex/tocloft/tocloft.sty
Package: tocloft 2017/08/31 v2.3i parameterised ToC, etc., typesetting
Package tocloft Info: The document has section divisions on input line 51.
\cftparskip=\skip63
\cftbeforetoctitleskip=\skip64
\cftaftertoctitleskip=\skip65
\cftbeforepartskip=\skip66
\cftpartnumwidth=\skip67
\cftpartindent=\skip68
\cftbeforesecskip=\skip69
\cftsecindent=\skip70
\cftsecnumwidth=\skip71
\cftbeforesubsecskip=\skip72
\cftsubsecindent=\skip73
\cftsubsecnumwidth=\skip74
\cftbeforesubsubsecskip=\skip75
\cftsubsubsecindent=\skip76
\cftsubsubsecnumwidth=\skip77
\cftbeforeparaskip=\skip78
\cftparaindent=\skip79
\cftparanumwidth=\skip80
\cftbeforesubparaskip=\skip81
\cftsubparaindent=\skip82
\cftsubparanumwidth=\skip83
\cftbeforeloftitleskip=\skip84
\cftafterloftitleskip=\skip85
\cftbeforefigskip=\skip86
\cftfigindent=\skip87
\cftfignumwidth=\skip88
\c@lofdepth=\count197
\c@lotdepth=\count198
\cftbeforelottitleskip=\skip89
\cftafterlottitleskip=\skip90
\cftbeforetabskip=\skip91
\cfttabindent=\skip92
\cfttabnumwidth=\skip93
)
(/usr/share/texlive/texmf-dist/tex/latex/amsmath/amsmath.sty
Package: amsmath 2020/01/20 v2.17e AMS math features
\@mathmargin=\skip94

For additional information on amsmath, use the `?' option.
(/usr/share/texlive/texmf-dist/tex/latex/amsmath/amstext.sty
Package: amstext 2000/06/29 v2.01 AMS text

(/usr/share/texlive/texmf-dist/tex/latex/amsmath/amsgen.sty
File: amsgen.sty 1999/11/30 v2.0 generic functions
\@emptytoks=\toks19
\ex@=\dimen157
))
(/usr/share/texlive/texmf-dist/tex/latex/amsmath/amsbsy.sty
Package: amsbsy 1999/11/29 v1.2d Bold Symbols
\pmbraise@=\dimen158
)
(/usr/share/texlive/texmf-dist/tex/latex/amsmath/amsopn.sty
Package: amsopn 2016/03/08 v2.02 operator names
)
\inf@bad=\count199
LaTeX Info: Redefining \frac on input line 227.
\uproot@=\count266
\leftroot@=\count267
LaTeX Info: Redefining \overline on input line 389.
\classnum@=\count268
\DOTSCASE@=\count269
LaTeX Info: Redefining \ldots on input line 486.
LaTeX Info: Redefining \dots on input line 489.
LaTeX Info: Redefining \cdots on input line 610.
\Mathstrutbox@=\box49
\strutbox@=\box50
\big@size=\dimen159
LaTeX Font Info:    Redeclaring font encoding OML on input line 733.
LaTeX Font Info:    Redeclaring font encoding OMS on input line 734.
\macc@depth=\count270
\c@MaxMatrixCols=\count271
\dotsspace@=\muskip16
\c@parentequation=\count272
\dspbrk@lvl=\count273
\tag@help=\toks20
\row@=\count274
\column@=\count275
\maxfields@=\count276
\andhelp@=\toks21
\eqnshift@=\dimen160
\alignsep@=\dimen161
\tagshift@=\dimen162
\tagwidth@=\dimen163
\totwidth@=\dimen164
\lineht@=\dimen165
\@envbody=\toks22
\multlinegap=\skip95
\multlinetaggap=\skip96
\mathdisplay@stack=\toks23
LaTeX Info: Redefining \[ on input line 2859.
LaTeX Info: Redefining \] on input line 2860.
)
(/usr/share/texlive/texmf-dist/tex/latex/amsfonts/amsfonts.sty
Package: amsfonts 2013/01/14 v3.01 Basic AMSFonts support
\symAMSa=\mathgroup4
\symAMSb=\mathgroup5
LaTeX Font Info:    Redeclaring math symbol \hbar on input line 98.
LaTeX Font Info:    Overwriting math alphabet `\mathfrak' in version `bold'
(Font)                  U/euf/m/n --> U/euf/b/n on input line 106.
)
(/usr/share/texlive/texmf-dist/tex/latex/subfig/subfig.sty
Package: subfig 2005/06/28 ver: 1.3 subfig package

(/usr/share/texlive/texmf-dist/tex/latex/caption/caption.sty
Package: caption 2020/01/03 v3.4h Customizing captions (AR)

(/usr/share/texlive/texmf-dist/tex/latex/caption/caption3.sty
Package: caption3 2020/01/03 v1.8h caption3 kernel (AR)
Package caption3 Info: TeX engine: e-TeX on input line 61.
\captionmargin=\dimen166
\captionmargin@=\dimen167
\captionwidth=\dimen168
\caption@tempdima=\dimen169
\caption@indent=\dimen170
\caption@parindent=\dimen171
\caption@hangindent=\dimen172
Package caption Info: Standard document class detected.
)
\c@caption@flags=\count277
\c@continuedfloat=\count278
)
\c@KVtest=\count279
\sf@farskip=\skip97
\sf@captopadj=\dimen173
\sf@capskip=\skip98
\sf@nearskip=\skip99
\c@subfigure=\count280
\c@subfigure@save=\count281
\c@subtable=\count282
\c@subtable@save=\count283
\sf@top=\skip100
\sf@bottom=\skip101
)
(/usr/share/texlive/texmf-dist/tex/latex/cite/cite.sty
LaTeX Info: Redefining \cite on input line 302.
LaTeX Info: Redefining \nocite on input line 332.
Package: cite 2015/02/27  v 5.5
)
(/usr/share/texlive/texmf-dist/tex/latex/appendix/appendix.sty
Package: appendix 2020/02/08 v1.2c extra appendix facilities
\c@@pps=\count284
\c@@ppsavesec=\count285
\c@@ppsaveapp=\count286
)

Package fontspec Info: Font family 'Calibri(0)' created for font 'Calibri'
(fontspec)             with options [Ligatures=TeX].
(fontspec)              
(fontspec)              This font family consists of the following NFSS
(fontspec)             series/shapes:
(fontspec)              
(fontspec)             - 'normal' (m/n) with NFSS spec.:
(fontspec)             <->"Calibri/OT:script=latn;language=dflt;mapping=tex-tex
t;"
(fontspec)             - 'small caps'  (m/sc) with NFSS spec.:
(fontspec)             <->"Calibri/OT:script=latn;language=dflt;+smcp;mapping=t
ex-text;"
(fontspec)             - 'bold' (b/n) with NFSS spec.:
(fontspec)             <->"Calibri/B/OT:script=latn;language=dflt;mapping=tex-t
ext;"
(fontspec)             - 'bold small caps'  (b/sc) with NFSS spec.:
(fontspec)             <->"Calibri/B/OT:script=latn;language=dflt;+smcp;mapping
=tex-text;"
(fontspec)             - 'italic' (m/it) with NFSS spec.:
(fontspec)             <->"Calibri/I/OT:script=latn;language=dflt;mapping=tex-t
ext;"
(fontspec)             - 'italic small caps'  (m/scit) with NFSS spec.:
(fontspec)             <->"Calibri/I/OT:script=latn;language=dflt;+smcp;mapping
=tex-text;"
(fontspec)             - 'bold italic' (b/it) with NFSS spec.:
(fontspec)             <->"Calibri/BI/OT:script=latn;language=dflt;mapping=tex-
text;"
(fontspec)             - 'bold italic small caps'  (b/scit) with NFSS spec.:
(fontspec)             <->"Calibri/BI/OT:script=latn;language=dflt;+smcp;mappin
g=tex-text;"


Package fontspec Info: Font family 'Arial(0)' created for font 'Arial' with
(fontspec)             options [Ligatures=TeX].
(fontspec)              
(fontspec)              This font family consists of the following NFSS
(fontspec)             series/shapes:
(fontspec)              
(fontspec)             - 'normal' (m/n) with NFSS spec.:
(fontspec)             <->"Arial/OT:language=dflt;mapping=tex-text;"
(fontspec)             - 'small caps'  (m/sc) with NFSS spec.: 
(fontspec)             - 'bold' (b/n) with NFSS spec.:
(fontspec)             <->"Arial/B/OT:language=dflt;mapping=tex-text;"
(fontspec)             - 'bold small caps'  (b/sc) with NFSS spec.: 
(fontspec)             - 'italic' (m/it) with NFSS spec.:
(fontspec)             <->"Arial/I/OT:language=dflt;mapping=tex-text;"
(fontspec)             - 'italic small caps'  (m/scit) with NFSS spec.: 
(fontspec)             - 'bold italic' (b/it) with NFSS spec.:
(fontspec)             <->"Arial/BI/OT:language=dflt;mapping=tex-text;"
(fontspec)             - 'bold italic small caps'  (b/scit) with NFSS spec.: 

 (./main.aux
(./src/abstract/abstract.aux) (./src/Attestation/Attestation.aux)
(./src/Acknowledgements/Acknowledgements.aux)
(./src/Introduction/Introduction.aux) (./src/BackgroundReading/main.aux)
(./src/Project_planning/Project_planning.aux) (./src/Design/Design.aux)
(./src/Implementation/Implementation.aux) (./src/Testing/Testing.aux)
(./src/EvaluationConclusionsAndFutureWork/EvaluationConclusionsAndFutureWork.au
x))
\openout1 = `main.aux'.

LaTeX Font Info:    Checking defaults for OML/cmm/m/it on input line 55.
LaTeX Font Info:    ... okay on input line 55.
LaTeX Font Info:    Checking defaults for OMS/cmsy/m/n on input line 55.
LaTeX Font Info:    ... okay on input line 55.
LaTeX Font Info:    Checking defaults for OT1/cmr/m/n on input line 55.
LaTeX Font Info:    ... okay on input line 55.
LaTeX Font Info:    Checking defaults for T1/cmr/m/n on input line 55.
LaTeX Font Info:    ... okay on input line 55.
LaTeX Font Info:    Checking defaults for TS1/cmr/m/n on input line 55.
LaTeX Font Info:    Trying to load font information for TS1+cmr on input line 5
5.
 (/usr/share/texlive/texmf-dist/tex/latex/base/ts1cmr.fd
File: ts1cmr.fd 2019/12/16 v2.5j Standard LaTeX font definitions
)
LaTeX Font Info:    ... okay on input line 55.
LaTeX Font Info:    Checking defaults for TU/lmr/m/n on input line 55.
LaTeX Font Info:    ... okay on input line 55.
LaTeX Font Info:    Checking defaults for OMX/cmex/m/n on input line 55.
LaTeX Font Info:    ... okay on input line 55.
LaTeX Font Info:    Checking defaults for U/cmr/m/n on input line 55.
LaTeX Font Info:    ... okay on input line 55.

Package fontspec Info: Adjusting the maths setup (use [no-math] to avoid
(fontspec)             this).

\symlegacymaths=\mathgroup6
LaTeX Font Info:    Overwriting symbol font `legacymaths' in version `bold'
(Font)                  OT1/cmr/m/n --> OT1/cmr/bx/n on input line 55.
LaTeX Font Info:    Redeclaring math accent \acute on input line 55.
LaTeX Font Info:    Redeclaring math accent \grave on input line 55.
LaTeX Font Info:    Redeclaring math accent \ddot on input line 55.
LaTeX Font Info:    Redeclaring math accent \tilde on input line 55.
LaTeX Font Info:    Redeclaring math accent \bar on input line 55.
LaTeX Font Info:    Redeclaring math accent \breve on input line 55.
LaTeX Font Info:    Redeclaring math accent \check on input line 55.
LaTeX Font Info:    Redeclaring math accent \hat on input line 55.
LaTeX Font Info:    Redeclaring math accent \dot on input line 55.
LaTeX Font Info:    Redeclaring math accent \mathring on input line 55.
LaTeX Font Info:    Redeclaring math symbol \Gamma on input line 55.
LaTeX Font Info:    Redeclaring math symbol \Delta on input line 55.
LaTeX Font Info:    Redeclaring math symbol \Theta on input line 55.
LaTeX Font Info:    Redeclaring math symbol \Lambda on input line 55.
LaTeX Font Info:    Redeclaring math symbol \Xi on input line 55.
LaTeX Font Info:    Redeclaring math symbol \Pi on input line 55.
LaTeX Font Info:    Redeclaring math symbol \Sigma on input line 55.
LaTeX Font Info:    Redeclaring math symbol \Upsilon on input line 55.
LaTeX Font Info:    Redeclaring math symbol \Phi on input line 55.
LaTeX Font Info:    Redeclaring math symbol \Psi on input line 55.
LaTeX Font Info:    Redeclaring math symbol \Omega on input line 55.
LaTeX Font Info:    Redeclaring math symbol \mathdollar on input line 55.
LaTeX Font Info:    Redeclaring symbol font `operators' on input line 55.
LaTeX Font Info:    Encoding `OT1' has changed to `TU' for symbol font
(Font)              `operators' in the math version `normal' on input line 55.
LaTeX Font Info:    Overwriting symbol font `operators' in version `normal'
(Font)                  OT1/cmr/m/n --> TU/Calibri(0)/m/n on input line 55.
LaTeX Font Info:    Encoding `OT1' has changed to `TU' for symbol font
(Font)              `operators' in the math version `bold' on input line 55.
LaTeX Font Info:    Overwriting symbol font `operators' in version `bold'
(Font)                  OT1/cmr/bx/n --> TU/Calibri(0)/m/n on input line 55.
LaTeX Font Info:    Overwriting symbol font `operators' in version `normal'
(Font)                  TU/Calibri(0)/m/n --> TU/Calibri(0)/m/n on input line 5
5.
LaTeX Font Info:    Overwriting math alphabet `\mathit' in version `normal'
(Font)                  OT1/cmr/m/it --> TU/Calibri(0)/m/it on input line 55.
LaTeX Font Info:    Overwriting math alphabet `\mathbf' in version `normal'
(Font)                  OT1/cmr/bx/n --> TU/Calibri(0)/b/n on input line 55.
LaTeX Font Info:    Overwriting math alphabet `\mathsf' in version `normal'
(Font)                  OT1/cmss/m/n --> TU/Arial(0)/m/n on input line 55.
LaTeX Font Info:    Overwriting math alphabet `\mathtt' in version `normal'
(Font)                  OT1/cmtt/m/n --> TU/lmtt/m/n on input line 55.
LaTeX Font Info:    Overwriting symbol font `operators' in version `bold'
(Font)                  TU/Calibri(0)/m/n --> TU/Calibri(0)/b/n on input line 5
5.
LaTeX Font Info:    Overwriting math alphabet `\mathit' in version `bold'
(Font)                  OT1/cmr/bx/it --> TU/Calibri(0)/b/it on input line 55.
LaTeX Font Info:    Overwriting math alphabet `\mathsf' in version `bold'
(Font)                  OT1/cmss/bx/n --> TU/Arial(0)/b/n on input line 55.
LaTeX Font Info:    Overwriting math alphabet `\mathtt' in version `bold'
(Font)                  OT1/cmtt/m/n --> TU/lmtt/b/n on input line 55.

*geometry* driver: auto-detecting
*geometry* detected driver: xetex
*geometry* verbose mode - [ preamble ] result:
* driver: xetex
* paper: a4paper
* layout: <same size as paper>
* layoutoffset:(h,v)=(0.0pt,0.0pt)
* modes: 
* h-part:(L,W,R)=(71.13188pt, 455.24411pt, 71.13188pt)
* v-part:(T,H,B)=(71.13188pt, 702.78308pt, 71.13188pt)
* \paperwidth=597.50787pt
* \paperheight=845.04684pt
* \textwidth=455.24411pt
* \textheight=702.78308pt
* \oddsidemargin=-1.1381pt
* \evensidemargin=-1.1381pt
* \topmargin=-38.1381pt
* \headheight=12.0pt
* \headsep=25.0pt
* \topskip=10.0pt
* \footskip=30.0pt
* \marginparwidth=65.0pt
* \marginparsep=11.0pt
* \columnsep=10.0pt
* \skip\footins=9.0pt plus 4.0pt minus 2.0pt
* \hoffset=0.0pt
* \voffset=0.0pt
* \mag=1000
* \@twocolumnfalse
* \@twosidefalse
* \@mparswitchfalse
* \@reversemarginfalse
* (1in=72.27pt=25.4mm, 1cm=28.453pt)

\AtBeginShipoutBox=\box51
(/usr/share/texlive/texmf-dist/tex/latex/pdflscape/pdflscape.sty
Package: pdflscape 2019/12/05 v0.12 Display of landscape pages in PDF (HO)

(/usr/share/texlive/texmf-dist/tex/latex/graphics/lscape.sty
Package: lscape 2000/10/22 v3.01 Landscape Pages (DPC)
)
Package pdflscape Info: Auto-detected driver: dvipdfm (xetex) on input line 98.

)
Package caption Info: Begin \AtBeginDocument code.
Package caption Info: subfig package v1.3 is loaded.
Package caption Info: End \AtBeginDocument code.
File: title_page.pdf Graphic file (type pdf)
<use title_page.pdf>
File: title_page.pdf Graphic file (type pdf)
<use title_page.pdf>
File: title_page.pdf Graphic file (type pdf)
<use title_page.pdf, page 1>
File: title_page.pdf Graphic file (type pdf)
<use title_page.pdf, page 1>
File: title_page.pdf Graphic file (type pdf)
<use title_page.pdf, page 1>
File: title_page.pdf Graphic file (type pdf)
<use title_page.pdf, page 1>
File: title_page.pdf Graphic file (type pdf)
<use title_page.pdf, page 1>
 [1

]
\openout2 = `src/abstract/abstract.aux'.


(./src/abstract/abstract.tex) [1

]
\openout2 = `src/Attestation/Attestation.aux'.

 (./src/Attestation/Attestation.tex) [2


]
\openout2 = `src/Acknowledgements/Acknowledgements.aux'.


(./src/Acknowledgements/Acknowledgements.tex) [3


] (./main.toc
LaTeX Font Info:    Calculating math sizes for size <11> on input line 1.


LaTeX Font Warning: Font shape `OML/cmm/m/it' in size <5.5> not available
(Font)              size <5> substituted on input line 1.


LaTeX Font Warning: Font shape `OMS/cmsy/m/n' in size <5.5> not available
(Font)              size <5> substituted on input line 1.

LaTeX Font Info:    Trying to load font information for U+msa on input line 1.
(/usr/share/texlive/texmf-dist/tex/latex/amsfonts/umsa.fd
File: umsa.fd 2013/01/14 v3.01 AMS symbols A
)
LaTeX Font Info:    Trying to load font information for U+msb on input line 1.

(/usr/share/texlive/texmf-dist/tex/latex/amsfonts/umsb.fd
File: umsb.fd 2013/01/14 v3.01 AMS symbols B
)

LaTeX Font Warning: Font shape `OT1/cmr/m/n' in size <5.5> not available
(Font)              size <5> substituted on input line 1.

[4

] [5])
\tf@toc=\write3
\openout3 = `main.toc'.

 [6] (./main.lot)
\tf@lot=\write4
\openout4 = `main.lot'.

 [7] (./main.lof)
\tf@lof=\write5
\openout5 = `main.lof'.

 [8]
\openout2 = `src/Introduction/Introduction.aux'.


(./src/Introduction/Introduction.tex [1

]
File: src/Introduction/assets/old_masks2.png Graphic file (type bmp)
<src/Introduction/assets/old_masks2.png>
File: src/Introduction/assets/old_masks1.png Graphic file (type bmp)
<src/Introduction/assets/old_masks1.png>
File: src/Introduction/assets/old_masks3.png Graphic file (type bmp)
<src/Introduction/assets/old_masks3.png>
File: src/Introduction/assets/old_masks4.png Graphic file (type bmp)
<src/Introduction/assets/old_masks4.png>


LaTeX Warning: `h' float specifier changed to `ht'.

) [2] [3]
\openout2 = `src/BackgroundReading/main.aux'.

 (./src/BackgroundReading/main.tex
File: src/BackgroundReading/assets/Lenna.png Graphic file (type bmp)
<src/BackgroundReading/assets/Lenna.png>
File: src/BackgroundReading/assets/Lenna brightness.png Graphic file (type bmp)

<src/BackgroundReading/assets/Lenna brightness.png>
File: src/BackgroundReading/assets/Lenna energy.png Graphic file (type bmp)
<src/BackgroundReading/assets/Lenna energy.png>
File: src/BackgroundReading/assets/Lenna energy_with contrast.png Graphic file 
(type bmp)
<src/BackgroundReading/assets/Lenna energy_with contrast.png>
File: src/BackgroundReading/assets/615.png Graphic file (type bmp)
<src/BackgroundReading/assets/615.png>
File: src/BackgroundReading/assets/615 brightness.png Graphic file (type bmp)
<src/BackgroundReading/assets/615 brightness.png>
File: src/BackgroundReading/assets/615 energy.png Graphic file (type bmp)
<src/BackgroundReading/assets/615 energy.png>
File: src/BackgroundReading/assets/615 energy_with contrast.png Graphic file (t
ype bmp)
<src/BackgroundReading/assets/615 energy_with contrast.png>
 [4


]
File: src/BackgroundReading/assets/Raw.png Graphic file (type bmp)
<src/BackgroundReading/assets/Raw.png>
File: src/BackgroundReading/assets/Middle line.png Graphic file (type bmp)
<src/BackgroundReading/assets/Middle line.png>
File: src/BackgroundReading/assets/Side line.png Graphic file (type bmp)
<src/BackgroundReading/assets/Side line.png>
File: src/BackgroundReading/assets/Road.png Graphic file (type bmp)
<src/BackgroundReading/assets/Road.png>

Overfull \hbox (61.1536pt too wide) in paragraph at lines 88--92
 [][][][] 
 []

File: src/BackgroundReading/assets/Distr.png Graphic file (type bmp)
<src/BackgroundReading/assets/Distr.png>

LaTeX Warning: `h' float specifier changed to `ht'.

File: src/BackgroundReading/assets/RawEMBad.png Graphic file (type bmp)
<src/BackgroundReading/assets/RawEMBad.png>
File: src/BackgroundReading/assets/MaskEMBad.png Graphic file (type bmp)
<src/BackgroundReading/assets/MaskEMBad.png>
File: src/BackgroundReading/assets/RawEMGood.png Graphic file (type bmp)
<src/BackgroundReading/assets/RawEMGood.png>
File: src/BackgroundReading/assets/MaskEMGood.png Graphic file (type bmp)
<src/BackgroundReading/assets/MaskEMGood.png>

LaTeX Warning: `h' float specifier changed to `ht'.

[5] [6]
File: src/BackgroundReading/assets/fully_connected.png Graphic file (type bmp)
<src/BackgroundReading/assets/fully_connected.png>
 [7] [8]
File: src/BackgroundReading/assets/bottleneck.png Graphic file (type bmp)
<src/BackgroundReading/assets/bottleneck.png>

Underfull \hbox (badness 2894) in paragraph at lines 261--261
[]\TU/Calibri(0)/m/n/8 (a) |ShuffleNet Bottleneck
 []

File: src/BackgroundReading/assets/shuffle_layer.png Graphic file (type bmp)
<src/BackgroundReading/assets/shuffle_layer.png>
[9]
File: src/BackgroundReading/assets/squeze_and_excitation.png Graphic file (type
 bmp)
<src/BackgroundReading/assets/squeze_and_excitation.png>

Overfull \hbox (17.88268pt too wide) in paragraph at lines 319--322
[]\TU/Calibri(0)/m/n/11 This approach can be implemented in any architectures d
escribed above, it’s computationally lightweight
 []

) [10] [11]
\openout2 = `src/Project_planning/Project_planning.aux'.

 (./src/Project_planning/Project_planning.tex
Underfull \hbox (badness 10000) in paragraph at lines 20--20
[]\TU/Calibri(0)/m/n/11 Design, develop and deploy algo-
 []


Underfull \hbox (badness 6445) in paragraph at lines 20--20
\TU/Calibri(0)/m/n/11 rithm using reinforcement learning
 []


Underfull \hbox (badness 10000) in paragraph at lines 22--22
[]\TU/Calibri(0)/m/n/11 Deploy light insensitive and light-
 []


Underfull \hbox (badness 1371) in paragraph at lines 22--22
\TU/Calibri(0)/m/n/11 weight algorithm for detecting road
 []


Underfull \hbox (badness 3590) in paragraph at lines 25--26
\TU/Calibri(0)/m/n/11 won’t be developed by me during
 []

[12


] [13] [14] [15] [16]) [17]
\openout2 = `src/Design/Design.aux'.

 (./src/Design/Design.tex
File: src/Design/assets/ProjectArchitecture.png Graphic file (type bmp)
<src/Design/assets/ProjectArchitecture.png>
 [18


]
File: src/Design/assets/TrainingPipeline.png Graphic file (type bmp)
<src/Design/assets/TrainingPipeline.png>
 [19]
File: src/Design/assets/Deployment.png Graphic file (type bmp)
<src/Design/assets/Deployment.png>
 [20]
File: src/Design/assets/em_picture.png Graphic file (type bmp)
<src/Design/assets/em_picture.png>

Overfull \hbox (2.46477pt too wide) in paragraph at lines 96--97
[][] 
 []

[21]
Overfull \hbox (12.3139pt too wide) detected at line 111
[][][][]\OT1/cmr/m/n/10.95 ^^F[][][] = (\OML/cmm/m/it/10.95 ^^Y[]; [] ^^Y[]; []
[]; \OT1/cmr/m/n/10.95 ^^F[]\OML/cmm/m/it/10.95 ; [] ; [][]; \OT1/cmr/m/n/10.95
 ^^F[])
 []


Overfull \hbox (80.19002pt too wide) detected at line 132
[]\OT1/cmr/m/n/10.95 (\OML/cmm/m/it/10.95 p\OT1/cmr/m/n/10.95 (\OML/cmm/m/it/10
.95 D; Z\OMS/cmsy/m/n/10.95 j[]\OT1/cmr/m/n/10.95 )) = [] [] [][] \OMS/cmsy/m/n
/10.95 ^^A \OT1/cmr/m/n/10.95 ([](\OML/cmm/m/it/10.95 ^^Y[]\OT1/cmr/m/n/10.95 )
 + [](\OMS/cmsy/m/n/10.95 N\OT1/cmr/m/n/10.95 ([][]\OMS/cmsy/m/n/10.95 j[][]\OM
L/cmm/m/it/10.95 ; \OT1/cmr/m/n/10.95 ^^F[]))) = [] [](\OML/cmm/m/it/10.95 ^^Y[
]\OT1/cmr/m/n/10.95 ) \OMS/cmsy/m/n/10.95 ^^A [] [][] \OT1/cmr/m/n/10.95 + [] [
] [] [][] \OMS/cmsy/m/n/10.95 ^^A []\OT1/cmr/m/n/10.95 (\OMS/cmsy/m/n/10.95 N\O
T1/cmr/m/n/10.95 ([][]\OMS/cmsy/m/n/10.95 j[][]\OML/cmm/m/it/10.95 ; \OT1/cmr/m
/n/10.95 ^^F[]))[]
 []


Overfull \hbox (59.59117pt too wide) detected at line 147
\OT1/cmr/m/n/10.95 = [] [] \U/msb/m/n/11 E\OT1/cmr/m/n/10.95 [[][]] \OMS/cmsy/m
/n/10.95 ^^A \OT1/cmr/m/n/10.95 ([](\OML/cmm/m/it/10.95 ^^Y[]\OT1/cmr/m/n/10.95
 ) + [] []\OML/cmm/m/it/10.95 p\OT1/cmr/m/n/10.95 ([][]\OMS/cmsy/m/n/10.95 j[][
]\OML/cmm/m/it/10.95 ; \OT1/cmr/m/n/10.95 ^^F[])))[]  = [] [] [] \U/msb/m/n/11 
E\OT1/cmr/m/n/10.95 [\OML/cmm/m/it/10.95 z[]\OT1/cmr/m/n/10.95 ][] [] \OML/cmm/
m/it/10.95 ^^Y[] \OT1/cmr/m/n/10.95 + [] [] \U/msb/m/n/11 E\OT1/cmr/m/n/10.95 [
\OML/cmm/m/it/10.95 z[]\OT1/cmr/m/n/10.95 ] \OMS/cmsy/m/n/10.95 ^^A [] \OML/cmm
/m/it/10.95 p\OT1/cmr/m/n/10.95 ([]\OMS/cmsy/m/n/10.95 j[]\OML/cmm/m/it/10.95 ;
 \OT1/cmr/m/n/10.95 ^^F[])
 []

[22]
File: src/Design/assets/em_visualisation.png Graphic file (type bmp)
<src/Design/assets/em_visualisation.png>


LaTeX Warning: `h' float specifier changed to `ht'.

File: src/Design/assets/nn_architecture.png Graphic file (type bmp)
<src/Design/assets/nn_architecture.png>
File: src/Design/assets/basic_block_architecture.png Graphic file (type bmp)
<src/Design/assets/basic_block_architecture.png>
[23]

LaTeX Warning: `h' float specifier changed to `ht'.

File: src/Design/assets/computational_graph.png Graphic file (type bmp)
<src/Design/assets/computational_graph.png>

LaTeX Warning: `h' float specifier changed to `ht'.

[24] [25]
File: src/Design/assets/padding.png Graphic file (type bmp)
<src/Design/assets/padding.png>
File: src/Design/assets/dilation.png Graphic file (type bmp)
<src/Design/assets/dilation.png>
File: src/Design/assets/stride1.png Graphic file (type bmp)
<src/Design/assets/stride1.png>
File: src/Design/assets/stride2.png Graphic file (type bmp)
<src/Design/assets/stride2.png>


LaTeX Warning: `h' float specifier changed to `ht'.

[26] [27]
File: src/Design/assets/before_dropout.png Graphic file (type bmp)
<src/Design/assets/before_dropout.png>

Underfull \hbox (badness 4634) in paragraph at lines 361--361
[]\TU/Calibri(0)/m/n/8 (a) |Standard neural net-
 []

File: src/Design/assets/after_dropout.png Graphic file (type bmp)
<src/Design/assets/after_dropout.png>
[28] [29]
File: src/Design/assets/sgd.jpg Graphic file (type bmp)
<src/Design/assets/sgd.jpg>
File: src/Design/assets/sgd_momentum.jpg Graphic file (type bmp)
<src/Design/assets/sgd_momentum.jpg>

Overfull \hbox (12.65578pt too wide) in paragraph at lines 427--430
[]\TU/Calibri(0)/m/n/11 If SGD momentum solves the convergence problem, then Ad
aptive Moment Estimation (Adam) [Kingma
 []

[30]
File: src/Design/assets/code_base.png Graphic file (type bmp)
<src/Design/assets/code_base.png>


LaTeX Warning: `h' float specifier changed to `ht'.

) [31] [32]
\openout2 = `src/Implementation/Implementation.aux'.

 (./src/Implementation/Implementation.tex [33


]
(./src/Implementation/tables/validation_results.tex
Overfull \hbox (14.4435pt too wide) in paragraph at lines 3--43
 [][] 
 []

)

LaTeX Warning: `h' float specifier changed to `ht'.

[34] [35]
File: src/Implementation/assets/first_run.png Graphic file (type bmp)
<src/Implementation/assets/first_run.png>
 [36]) [37] [38]
\openout2 = `src/Testing/Testing.aux'.

 (./src/Testing/Testing.tex [39


] [40]) [41]
\openout2 = `src/EvaluationConclusionsAndFutureWork/EvaluationConclusionsAndFut
ureWork.aux'.


(./src/EvaluationConclusionsAndFutureWork/EvaluationConclusionsAndFutureWork.te
x
Overfull \hbox (0.87555pt too wide) in paragraph at lines 15--16
[]\TU/Calibri(0)/m/n/11 During this project, I’ve learned a lot about computer 
vision, docker, ROS and the Duckietown project.
 []


Underfull \hbox (badness 10000) in paragraph at lines 45--45
[]\TU/Calibri(0)/m/n/11 NN initialisa-
 []


Underfull \hbox (badness 1087) in paragraph at lines 45--45
\TU/Calibri(0)/m/n/11 data to and out of GPU mem-
 []


Underfull \hbox (badness 2142) in paragraph at lines 45--45
[]\TU/Calibri(0)/m/n/11 Average time per image (aver-
 []


Underfull \hbox (badness 1939) in paragraph at lines 45--45
\TU/Calibri(0)/m/n/11 transfering data to and out of
 []


Underfull \hbox (badness 10000) in paragraph at lines 45--45
[]\TU/Calibri(0)/m/n/11 Accuracy
 []


Underfull \hbox (badness 10000) in paragraph at lines 45--45
\TU/Calibri(0)/m/n/11 (percent
 []


Underfull \hbox (badness 10000) in paragraph at lines 45--45
\TU/Calibri(0)/m/n/11 of time
 []


Underfull \hbox (badness 10000) in paragraph at lines 45--45
\TU/Calibri(0)/m/n/11 spent,
 []


Underfull \hbox (badness 10000) in paragraph at lines 45--45
\TU/Calibri(0)/m/n/11 when
 []


Underfull \hbox (badness 10000) in paragraph at lines 45--45
\TU/Calibri(0)/m/n/11 bot was
 []


Underfull \hbox (badness 10000) in paragraph at lines 45--45
\TU/Calibri(0)/m/n/11 on right
 []


Underfull \hbox (badness 6412) in paragraph at lines 46--46
[]\TU/Calibri(0)/m/n/11 1.3 milliseconds (113 millisec-
 []


Underfull \hbox (badness 6412) in paragraph at lines 48--48
[]\TU/Calibri(0)/m/n/11 6.5 milliseconds (514 millisec-
 []


Overfull \hbox (62.84496pt too wide) in paragraph at lines 43--50
 [][] 
 []


LaTeX Warning: `h' float specifier changed to `ht'.

File: src/EvaluationConclusionsAndFutureWork/assets/masks02.png Graphic file (t
ype bmp)
<src/EvaluationConclusionsAndFutureWork/assets/masks02.png>
File: src/EvaluationConclusionsAndFutureWork/assets/masks01.png Graphic file (t
ype bmp)
<src/EvaluationConclusionsAndFutureWork/assets/masks01.png>
File: src/EvaluationConclusionsAndFutureWork/assets/mask3.png Graphic file (typ
e bmp)
<src/EvaluationConclusionsAndFutureWork/assets/mask3.png>
File: src/EvaluationConclusionsAndFutureWork/assets/mask4.png Graphic file (typ
e bmp)
<src/EvaluationConclusionsAndFutureWork/assets/mask4.png>
[42


] [43]) [44] (./main.bbl
Underfull \hbox (badness 10000) in paragraph at lines 49--54
\TU/Calibri(0)/m/n/11 https://pub.towardsai.net/why-adam-optimizer-should-not-b
e-the-default-learning-algorithm-
 []


Underfull \hbox (badness 10000) in paragraph at lines 56--60
[]\TU/Calibri(0)/m/n/11 Kennedy, W. (2018).  Scheduling in go : Part ii - go sc
heduler.
 []


Underfull \hbox (badness 6691) in paragraph at lines 56--60
\TU/Calibri(0)/m/n/11 https://www.ardanlabs.com/blog/2018/08/scheduling-in-go-p
art2.html.  Accessed: February
 []

[45

]
Underfull \hbox (badness 10000) in paragraph at lines 112--116
[]\TU/Calibri(0)/m/n/11 PyTorchContributors (2023).  Pytorch docs.
 []


Underfull \hbox (badness 10000) in paragraph at lines 137--142
[]\TU/Calibri(0)/m/n/11 Sniffin, A. (2022).  Applications of goroutines & chann
els in go.
 []


Underfull \hbox (badness 10000) in paragraph at lines 137--142
\TU/Calibri(0)/m/n/11 https://alexsniffin.medium.com/applications-of-goroutines
-channels-in-go-2e24c478d71d.  Ac-
 []


Underfull \hbox (badness 10000) in paragraph at lines 144--148
[]\TU/Calibri(0)/m/n/11 Snyk (2024).  What is the mit license? top 10 questions
 answered.
 []

) [46]
File: plan.pdf Graphic file (type pdf)
<use plan.pdf>
File: plan.pdf Graphic file (type pdf)
<use plan.pdf>
File: plan.pdf Graphic file (type pdf)
<use plan.pdf, page 1>
File: plan.pdf Graphic file (type pdf)
<use plan.pdf, page 1>
 [47]
File: plan.pdf Graphic file (type pdf)
<use plan.pdf, page 1>
File: plan.pdf Graphic file (type pdf)
<use plan.pdf, page 1>
File: plan.pdf Graphic file (type pdf)
<use plan.pdf, page 1>
 [48]
File: plan.pdf Graphic file (type pdf)
<use plan.pdf, page 2>
File: plan.pdf Graphic file (type pdf)
<use plan.pdf, page 2>
File: plan.pdf Graphic file (type pdf)
<use plan.pdf, page 2>
 [49]
File: plan.pdf Graphic file (type pdf)
<use plan.pdf, page 3>
File: plan.pdf Graphic file (type pdf)
<use plan.pdf, page 3>
File: plan.pdf Graphic file (type pdf)
<use plan.pdf, page 3>
 [50]
File: plan.pdf Graphic file (type pdf)
<use plan.pdf, page 4>
File: plan.pdf Graphic file (type pdf)
<use plan.pdf, page 4>
File: plan.pdf Graphic file (type pdf)
<use plan.pdf, page 4>
 [51]
File: plan.pdf Graphic file (type pdf)
<use plan.pdf, page 5>
File: plan.pdf Graphic file (type pdf)
<use plan.pdf, page 5>
File: plan.pdf Graphic file (type pdf)
<use plan.pdf, page 5>
 [52] (./main.aux (./src/abstract/abstract.aux)
(./src/Attestation/Attestation.aux)
(./src/Acknowledgements/Acknowledgements.aux)
(./src/Introduction/Introduction.aux) (./src/BackgroundReading/main.aux)
(./src/Project_planning/Project_planning.aux) (./src/Design/Design.aux)
(./src/Implementation/Implementation.aux) (./src/Testing/Testing.aux)
(./src/EvaluationConclusionsAndFutureWork/EvaluationConclusionsAndFutureWork.au
x))

LaTeX Font Warning: Size substitutions with differences
(Font)              up to 0.5pt have occurred.

 ) 
Here is how much of TeX's memory you used:
 8975 strings out of 479819
 198149 string characters out of 5895846
 518667 words of memory out of 5000000
 25813 multiletter control sequences out of 15000+600000
 536341 words of font info for 71 fonts, out of 8000000 for 9000
 1348 hyphenation exceptions out of 8191
 50i,18n,79p,424b,425s stack positions out of 5000i,500n,10000p,200000b,80000s

Output written on main.pdf (61 pages).
